<?xml version="1.0" encoding="UTF-8"?>
<!-- Generated by org.testng.reporters.JUnitReportReporter -->
<testsuite hostname="User-PC" failures="0" tests="2" name="com.mystore.testcases.IndexPageTest" time="28.761" errors="0" timestamp="2022-05-30T11:11:16 IST" skipped="0">
  <testcase classname="com.mystore.testcases.IndexPageTest" name="validatePageTitle" time="14.308"/>
  <system-out/>
  <testcase classname="com.mystore.testcases.IndexPageTest" name="validatLogo" time="14.453"/>
  <system-out/>
</testsuite> <!-- com.mystore.testcases.IndexPageTest -->
