<?xml version="1.0" encoding="UTF-8"?>
<!-- Generated by org.testng.reporters.JUnitReportReporter -->
<testsuite hostname="User-PC" failures="0" tests="1" name="com.mystore.testcases.HomePageTest" time="22.880" errors="0" timestamp="2022-05-30T11:11:16 IST" skipped="0">
  <testcase classname="com.mystore.testcases.HomePageTest" name="validateWishList" time="22.880"/>
  <system-out/>
</testsuite> <!-- com.mystore.testcases.HomePageTest -->
