<?xml version="1.0" encoding="UTF-8"?>
<!-- Generated by org.testng.reporters.JUnitReportReporter -->
<testsuite hostname="User-PC" failures="0" tests="1" name="com.mystore.testcases.OrderPageTest" time="38.261" errors="0" timestamp="2022-05-30T11:11:16 IST" skipped="0">
  <testcase classname="com.mystore.testcases.OrderPageTest" name="addToCart" time="38.261"/>
  <system-out/>
</testsuite> <!-- com.mystore.testcases.OrderPageTest -->
