<?xml version="1.0" encoding="UTF-8"?>
<!-- Generated by org.testng.reporters.JUnitReportReporter -->
<testsuite hostname="User-PC" failures="0" tests="1" name="com.mystore.base.BaseClass" time="22.209" errors="0" timestamp="2022-05-25T17:44:22 IST" skipped="0">
  <testcase classname="com.mystore.base.BaseClass" name="lauchAPP" time="22.209"/>
  <system-out/>
</testsuite> <!-- com.mystore.base.BaseClass -->
